<?xml version="1.0" encoding="UTF-8"?>
<!-- Generated by org.testng.reporters.JUnitXMLReporter -->
<testsuite ignored="0" hostname="LenovoRyzen" failures="1" tests="1" name="Testtopnav" time="2.904" errors="0" timestamp="2022-01-22T20:38:17 IST">
  <testcase classname="Academy.E2Eproject.VerifyNavbar" name="basePageNavigation" time="0.06">
    <failure type="java.lang.AssertionError" message="expected [false] but found [true]">
      <![CDATA[java.lang.AssertionError: expected [false] but found [true]
at Academy.E2Eproject.VerifyNavbar.basePageNavigation(VerifyNavbar.java:32)
at java.base/java.util.ArrayList.forEach(ArrayList.java:1511)
... Removed 31 stack frames]]>
    </failure>
  </testcase> <!-- basePageNavigation -->
</testsuite> <!-- Testtopnav -->
