<?xml version="1.0" encoding="UTF-8"?>
<testng-results ignored="0" total="2" passed="1" failed="1" skipped="0">
  <reporter-output>
  </reporter-output>
  <suite started-at="2022-01-22T20:38:10 IST" name="Suite" finished-at="2022-01-22T20:38:17 IST" duration-ms="7568">
    <groups>
    </groups>
    <test started-at="2022-01-22T20:38:10 IST" name="Test" finished-at="2022-01-22T20:38:14 IST" duration-ms="4140">
      <class name="Academy.E2Eproject.HomePageTest">
        <test-method is-config="true" signature="initialize()[pri:0, instance:Academy.E2Eproject.HomePageTest@5c77053b]" started-at="2022-01-22T20:38:10 IST" name="initialize" finished-at="2022-01-22T20:38:13 IST" duration-ms="3392" status="PASS">
          <reporter-output>
          </reporter-output>
        </test-method> <!-- initialize -->
        <test-method signature="basePageNavigation()[pri:0, instance:Academy.E2Eproject.HomePageTest@5c77053b]" started-at="2022-01-22T20:38:13 IST" name="basePageNavigation" finished-at="2022-01-22T20:38:14 IST" duration-ms="548" status="PASS">
          <reporter-output>
          </reporter-output>
        </test-method> <!-- basePageNavigation -->
        <test-method is-config="true" signature="teardown()[pri:0, instance:Academy.E2Eproject.HomePageTest@5c77053b]" started-at="2022-01-22T20:38:14 IST" name="teardown" finished-at="2022-01-22T20:38:14 IST" duration-ms="152" status="PASS">
          <reporter-output>
          </reporter-output>
        </test-method> <!-- teardown -->
      </class> <!-- Academy.E2Eproject.HomePageTest -->
    </test> <!-- Test -->
    <test started-at="2022-01-22T20:38:14 IST" name="Testtopnav" finished-at="2022-01-22T20:38:17 IST" duration-ms="2904">
      <class name="Academy.E2Eproject.VerifyNavbar">
        <test-method is-config="true" signature="initialize()[pri:0, instance:Academy.E2Eproject.VerifyNavbar@596df867]" started-at="2022-01-22T20:38:14 IST" name="initialize" finished-at="2022-01-22T20:38:17 IST" duration-ms="2297" status="PASS">
          <reporter-output>
          </reporter-output>
        </test-method> <!-- initialize -->
        <test-method signature="basePageNavigation()[pri:0, instance:Academy.E2Eproject.VerifyNavbar@596df867]" started-at="2022-01-22T20:38:17 IST" name="basePageNavigation" finished-at="2022-01-22T20:38:17 IST" duration-ms="60" status="FAIL">
          <exception class="java.lang.AssertionError">
            <message>
              <![CDATA[expected [false] but found [true]]]>
            </message>
            <full-stacktrace>
              <![CDATA[java.lang.AssertionError: expected [false] but found [true]
at org.testng.Assert.fail(Assert.java:110)
at org.testng.Assert.failNotEquals(Assert.java:1413)
at org.testng.Assert.assertFalse(Assert.java:78)
at org.testng.Assert.assertFalse(Assert.java:88)
at Academy.E2Eproject.VerifyNavbar.basePageNavigation(VerifyNavbar.java:32)
at java.base/jdk.internal.reflect.NativeMethodAccessorImpl.invoke0(Native Method)
at java.base/jdk.internal.reflect.NativeMethodAccessorImpl.invoke(NativeMethodAccessorImpl.java:78)
at java.base/jdk.internal.reflect.DelegatingMethodAccessorImpl.invoke(DelegatingMethodAccessorImpl.java:43)
at java.base/java.lang.reflect.Method.invoke(Method.java:567)
at org.testng.internal.invokers.MethodInvocationHelper.invokeMethod(MethodInvocationHelper.java:135)
at org.testng.internal.invokers.TestInvoker.invokeMethod(TestInvoker.java:673)
at org.testng.internal.invokers.TestInvoker.invokeTestMethod(TestInvoker.java:220)
at org.testng.internal.invokers.MethodRunner.runInSequence(MethodRunner.java:50)
at org.testng.internal.invokers.TestInvoker$MethodInvocationAgent.invoke(TestInvoker.java:945)
at org.testng.internal.invokers.TestInvoker.invokeTestMethods(TestInvoker.java:193)
at org.testng.internal.invokers.TestMethodWorker.invokeTestMethods(TestMethodWorker.java:146)
at org.testng.internal.invokers.TestMethodWorker.run(TestMethodWorker.java:128)
at java.base/java.util.ArrayList.forEach(ArrayList.java:1511)
at org.testng.TestRunner.privateRun(TestRunner.java:808)
at org.testng.TestRunner.run(TestRunner.java:603)
at org.testng.SuiteRunner.runTest(SuiteRunner.java:429)
at org.testng.SuiteRunner.runSequentially(SuiteRunner.java:423)
at org.testng.SuiteRunner.privateRun(SuiteRunner.java:383)
at org.testng.SuiteRunner.run(SuiteRunner.java:326)
at org.testng.SuiteRunnerWorker.runSuite(SuiteRunnerWorker.java:52)
at org.testng.SuiteRunnerWorker.run(SuiteRunnerWorker.java:95)
at org.testng.TestNG.runSuitesSequentially(TestNG.java:1249)
at org.testng.TestNG.runSuitesLocally(TestNG.java:1169)
at org.testng.TestNG.runSuites(TestNG.java:1092)
at org.testng.TestNG.run(TestNG.java:1060)
at org.testng.remote.AbstractRemoteTestNG.run(AbstractRemoteTestNG.java:115)
at org.testng.remote.RemoteTestNG.initAndRun(RemoteTestNG.java:251)
at org.testng.remote.RemoteTestNG.main(RemoteTestNG.java:77)
]]>
            </full-stacktrace>
          </exception> <!-- java.lang.AssertionError -->
          <reporter-output>
          </reporter-output>
        </test-method> <!-- basePageNavigation -->
        <test-method is-config="true" signature="teardown()[pri:0, instance:Academy.E2Eproject.VerifyNavbar@596df867]" started-at="2022-01-22T20:38:17 IST" name="teardown" finished-at="2022-01-22T20:38:17 IST" duration-ms="149" status="PASS">
          <reporter-output>
          </reporter-output>
        </test-method> <!-- teardown -->
      </class> <!-- Academy.E2Eproject.VerifyNavbar -->
    </test> <!-- Testtopnav -->
  </suite> <!-- Suite -->
</testng-results>
